2026-03-17 00:01:10 [HikariPool-1 housekeeper] WARN  com.zaxxer.hikari.pool.HikariPool [traceId=, spanId=] - HikariPool-1 - Thread starvation or clock leap detected (housekeeper delta=3m50s494ms).
2026-03-17 00:33:06 [HikariPool-1 housekeeper] WARN  com.zaxxer.hikari.pool.HikariPool [traceId=, spanId=] - HikariPool-1 - Thread starvation or clock leap detected (housekeeper delta=31m56s516ms).
2026-03-17 01:02:32 [HikariPool-1 housekeeper] WARN  com.zaxxer.hikari.pool.HikariPool [traceId=, spanId=] - HikariPool-1 - Thread starvation or clock leap detected (housekeeper delta=29m25s269ms).
2026-03-17 01:18:03 [HikariPool-1 housekeeper] WARN  com.zaxxer.hikari.pool.HikariPool [traceId=, spanId=] - HikariPool-1 - Thread starvation or clock leap detected (housekeeper delta=15m31s17ms).
2026-03-17 02:14:47 [HikariPool-1 housekeeper] WARN  com.zaxxer.hikari.pool.HikariPool [traceId=, spanId=] - HikariPool-1 - Thread starvation or clock leap detected (housekeeper delta=56m44s737ms).
2026-03-17 03:49:41 [HikariPool-1 housekeeper] WARN  com.zaxxer.hikari.pool.HikariPool [traceId=, spanId=] - HikariPool-1 - Thread starvation or clock leap detected (housekeeper delta=1h34m53s736ms).
2026-03-17 04:53:02 [HikariPool-1 housekeeper] WARN  com.zaxxer.hikari.pool.HikariPool [traceId=, spanId=] - HikariPool-1 - Thread starvation or clock leap detected (housekeeper delta=1h3m20s732ms).
2026-03-17 06:16:18 [HikariPool-1 housekeeper] WARN  com.zaxxer.hikari.pool.HikariPool [traceId=, spanId=] - HikariPool-1 - Thread starvation or clock leap detected (housekeeper delta=1h23m15s941ms).
2026-03-17 07:25:15 [HikariPool-1 housekeeper] WARN  com.zaxxer.hikari.pool.HikariPool [traceId=, spanId=] - HikariPool-1 - Thread starvation or clock leap detected (housekeeper delta=1h8m57s455ms).
2026-03-17 07:40:37 [HikariPool-1 housekeeper] WARN  com.zaxxer.hikari.pool.HikariPool [traceId=, spanId=] - HikariPool-1 - Thread starvation or clock leap detected (housekeeper delta=15m21s752ms).
2026-03-17 08:00:10 [HikariPool-1 housekeeper] WARN  com.zaxxer.hikari.pool.HikariPool [traceId=, spanId=] - HikariPool-1 - Thread starvation or clock leap detected (housekeeper delta=19m33s299ms).
2026-03-17 08:02:02 [HikariPool-1 housekeeper] WARN  com.zaxxer.hikari.pool.HikariPool [traceId=, spanId=] - HikariPool-1 - Thread starvation or clock leap detected (housekeeper delta=1m51s303ms).
2026-03-17 09:23:27 [HikariPool-1 housekeeper] WARN  com.zaxxer.hikari.pool.HikariPool [traceId=, spanId=] - HikariPool-1 - Thread starvation or clock leap detected (housekeeper delta=1m24s316ms).
2026-03-17 11:18:38 [HikariPool-1 housekeeper] WARN  com.zaxxer.hikari.pool.HikariPool [traceId=, spanId=] - HikariPool-1 - Thread starvation or clock leap detected (housekeeper delta=15m29s571ms).
2026-03-17 11:34:37 [HikariPool-1 housekeeper] WARN  com.zaxxer.hikari.pool.HikariPool [traceId=, spanId=] - HikariPool-1 - Thread starvation or clock leap detected (housekeeper delta=15m29s299ms).
2026-03-17 11:51:32 [HikariPool-1 housekeeper] WARN  com.zaxxer.hikari.pool.HikariPool [traceId=, spanId=] - HikariPool-1 - Thread starvation or clock leap detected (housekeeper delta=15m54s326ms).
2026-03-17 13:04:15 [HikariPool-1 housekeeper] WARN  com.zaxxer.hikari.pool.HikariPool [traceId=, spanId=] - HikariPool-1 - Thread starvation or clock leap detected (housekeeper delta=12m42s27ms).
2026-03-17 13:17:28 [HikariPool-1 housekeeper] WARN  com.zaxxer.hikari.pool.HikariPool [traceId=, spanId=] - HikariPool-1 - Thread starvation or clock leap detected (housekeeper delta=12m43s336ms).
2026-03-17 13:34:00 [HikariPool-1 housekeeper] WARN  com.zaxxer.hikari.pool.HikariPool [traceId=, spanId=] - HikariPool-1 - Thread starvation or clock leap detected (housekeeper delta=1m1s854ms).
2026-03-17 13:48:38 [HikariPool-1 housekeeper] WARN  com.zaxxer.hikari.pool.HikariPool [traceId=, spanId=] - HikariPool-1 - Thread starvation or clock leap detected (housekeeper delta=3m38s200ms).
2026-03-17 13:57:01 [HikariPool-1 housekeeper] WARN  com.zaxxer.hikari.pool.HikariPool [traceId=, spanId=] - HikariPool-1 - Thread starvation or clock leap detected (housekeeper delta=8m22s620ms).
2026-03-17 14:55:04 [HikariPool-1 housekeeper] WARN  com.zaxxer.hikari.pool.HikariPool [traceId=, spanId=] - HikariPool-1 - Thread starvation or clock leap detected (housekeeper delta=3m55s708ms).
2026-03-17 16:19:33 [HikariPool-1 housekeeper] WARN  com.zaxxer.hikari.pool.HikariPool [traceId=, spanId=] - HikariPool-1 - Thread starvation or clock leap detected (housekeeper delta=2m58s216ms).
2026-03-17 16:57:28 [HikariPool-1 housekeeper] WARN  com.zaxxer.hikari.pool.HikariPool [traceId=, spanId=] - HikariPool-1 - Thread starvation or clock leap detected (housekeeper delta=7m24s364ms).
2026-03-17 16:58:40 [HikariPool-1 housekeeper] WARN  com.zaxxer.hikari.pool.HikariPool [traceId=, spanId=] - HikariPool-1 - Thread starvation or clock leap detected (housekeeper delta=1m11s926ms).
2026-03-17 17:21:18 [HikariPool-1 housekeeper] WARN  com.zaxxer.hikari.pool.HikariPool [traceId=, spanId=] - HikariPool-1 - Thread starvation or clock leap detected (housekeeper delta=2m38s239ms).
2026-03-17 17:34:35 [HikariPool-1 housekeeper] WARN  com.zaxxer.hikari.pool.HikariPool [traceId=, spanId=] - HikariPool-1 - Thread starvation or clock leap detected (housekeeper delta=1m17s17ms).
2026-03-17 17:36:23 [HikariPool-1 housekeeper] WARN  com.zaxxer.hikari.pool.HikariPool [traceId=, spanId=] - HikariPool-1 - Thread starvation or clock leap detected (housekeeper delta=1m48s282ms).
2026-03-17 18:33:09 [HikariPool-1 housekeeper] WARN  com.zaxxer.hikari.pool.HikariPool [traceId=, spanId=] - HikariPool-1 - Thread starvation or clock leap detected (housekeeper delta=2m14s777ms).
2026-03-17 18:58:25 [HikariPool-1 housekeeper] WARN  com.zaxxer.hikari.pool.HikariPool [traceId=, spanId=] - HikariPool-1 - Thread starvation or clock leap detected (housekeeper delta=25m16s555ms).
2026-03-17 19:27:40 [http-nio-8081-exec-3] INFO  org.apache.coyote.http11.Http11Processor [traceId=, spanId=] - Error parsing HTTP request header
 Note: further occurrences of HTTP request parsing errors will be logged at DEBUG level.
java.lang.IllegalArgumentException: Invalid character found in method name [0x160x030x000x00i0x010x000x00e0x030x03U0x1c0xa70xe4random1random2random3random40x000x000x0c0x00/0x000x0a0x000x130x0090x000x040x000xff0x010x000x0000x000x0d0x00,0x00*0x000x010x000x030x000x020x060x010x060x030x060x020x020x010x020x030x020x020x030x010x030x030x030x020x040x010x040x030x040x020x010x010x010x030x010x020x050x010x050x030x050x02...]. HTTP method names must be tokens
	at org.apache.coyote.http11.Http11InputBuffer.parseRequestLine(Http11InputBuffer.java:406) ~[tomcat-embed-core-10.1.34.jar:10.1.34]
	at org.apache.coyote.http11.Http11Processor.service(Http11Processor.java:270) [tomcat-embed-core-10.1.34.jar:10.1.34]
	at org.apache.coyote.AbstractProcessorLight.process(AbstractProcessorLight.java:63) [tomcat-embed-core-10.1.34.jar:10.1.34]
	at org.apache.coyote.AbstractProtocol$ConnectionHandler.process(AbstractProtocol.java:905) [tomcat-embed-core-10.1.34.jar:10.1.34]
	at org.apache.tomcat.util.net.NioEndpoint$SocketProcessor.doRun(NioEndpoint.java:1741) [tomcat-embed-core-10.1.34.jar:10.1.34]
	at org.apache.tomcat.util.net.SocketProcessorBase.run(SocketProcessorBase.java:52) [tomcat-embed-core-10.1.34.jar:10.1.34]
	at org.apache.tomcat.util.threads.ThreadPoolExecutor.runWorker(ThreadPoolExecutor.java:1190) [tomcat-embed-core-10.1.34.jar:10.1.34]
	at org.apache.tomcat.util.threads.ThreadPoolExecutor$Worker.run(ThreadPoolExecutor.java:659) [tomcat-embed-core-10.1.34.jar:10.1.34]
	at org.apache.tomcat.util.threads.TaskThread$WrappingRunnable.run(TaskThread.java:63) [tomcat-embed-core-10.1.34.jar:10.1.34]
	at java.base/java.lang.Thread.run(Thread.java:833) [?:?]
2026-03-17 19:44:56 [SpringApplicationShutdownHook] INFO  org.springframework.boot.web.embedded.tomcat.GracefulShutdown [traceId=, spanId=] - Commencing graceful shutdown. Waiting for active requests to complete
2026-03-17 19:44:56 [tomcat-shutdown] INFO  org.springframework.boot.web.embedded.tomcat.GracefulShutdown [traceId=, spanId=] - Graceful shutdown complete
2026-03-17 19:44:56 [SpringApplicationShutdownHook] INFO  org.springframework.orm.jpa.LocalContainerEntityManagerFactoryBean [traceId=, spanId=] - Closing JPA EntityManagerFactory for persistence unit 'default'
2026-03-17 19:44:56 [SpringApplicationShutdownHook] INFO  com.zaxxer.hikari.HikariDataSource [traceId=, spanId=] - HikariPool-1 - Shutdown initiated...
