2026-03-16 00:03:02 [HikariPool-1 housekeeper] WARN  com.zaxxer.hikari.pool.HikariPool [traceId=, spanId=] - HikariPool-1 - Thread starvation or clock leap detected (housekeeper delta=26m47s458ms).
2026-03-16 08:29:18 [HikariPool-1 housekeeper] WARN  com.zaxxer.hikari.pool.HikariPool [traceId=, spanId=] - HikariPool-1 - Thread starvation or clock leap detected (housekeeper delta=7h13s986ms).
2026-03-16 08:49:44 [HikariPool-1 housekeeper] WARN  com.zaxxer.hikari.pool.HikariPool [traceId=, spanId=] - HikariPool-1 - Thread starvation or clock leap detected (housekeeper delta=10m56s272ms).
2026-03-16 09:01:13 [HikariPool-1 housekeeper] WARN  com.zaxxer.hikari.pool.HikariPool [traceId=, spanId=] - HikariPool-1 - Thread starvation or clock leap detected (housekeeper delta=59s303ms).
2026-03-16 09:16:16 [HikariPool-1 housekeeper] WARN  com.zaxxer.hikari.pool.HikariPool [traceId=, spanId=] - HikariPool-1 - Thread starvation or clock leap detected (housekeeper delta=1m200ms).
2026-03-16 09:27:13 [HikariPool-1 housekeeper] WARN  com.zaxxer.hikari.pool.HikariPool [traceId=, spanId=] - HikariPool-1 - Thread starvation or clock leap detected (housekeeper delta=10m57s269ms).
2026-03-16 10:19:45 [HikariPool-1 housekeeper] WARN  com.zaxxer.hikari.pool.HikariPool [traceId=, spanId=] - HikariPool-1 - Thread starvation or clock leap detected (housekeeper delta=1m773ms).
2026-03-16 12:37:50 [HikariPool-1 housekeeper] WARN  com.zaxxer.hikari.pool.HikariPool [traceId=, spanId=] - HikariPool-1 - Thread starvation or clock leap detected (housekeeper delta=16m4s311ms).
2026-03-16 12:51:52 [HikariPool-1 housekeeper] WARN  com.zaxxer.hikari.pool.HikariPool [traceId=, spanId=] - HikariPool-1 - Thread starvation or clock leap detected (housekeeper delta=13m31s962ms).
2026-03-16 14:18:23 [HikariPool-1 housekeeper] WARN  com.zaxxer.hikari.pool.HikariPool [traceId=, spanId=] - HikariPool-1 - Thread starvation or clock leap detected (housekeeper delta=2m29s324ms).
2026-03-16 15:13:55 [HikariPool-1 housekeeper] WARN  com.zaxxer.hikari.pool.HikariPool [traceId=, spanId=] - HikariPool-1 - Thread starvation or clock leap detected (housekeeper delta=1m31s271ms).
2026-03-16 16:25:19 [HikariPool-1 housekeeper] WARN  com.zaxxer.hikari.pool.HikariPool [traceId=, spanId=] - HikariPool-1 - Thread starvation or clock leap detected (housekeeper delta=1m23s593ms).
2026-03-16 16:31:40 [HikariPool-1 housekeeper] WARN  com.zaxxer.hikari.pool.HikariPool [traceId=, spanId=] - HikariPool-1 - Thread starvation or clock leap detected (housekeeper delta=1m50s747ms).
2026-03-16 16:33:21 [HikariPool-1 housekeeper] WARN  com.zaxxer.hikari.pool.HikariPool [traceId=, spanId=] - HikariPool-1 - Thread starvation or clock leap detected (housekeeper delta=1m41s170ms).
2026-03-16 18:41:29 [HikariPool-1 housekeeper] WARN  com.zaxxer.hikari.pool.HikariPool [traceId=, spanId=] - HikariPool-1 - Thread starvation or clock leap detected (housekeeper delta=4m35s999ms).
2026-03-16 19:00:54 [HikariPool-1 housekeeper] WARN  com.zaxxer.hikari.pool.HikariPool [traceId=, spanId=] - HikariPool-1 - Thread starvation or clock leap detected (housekeeper delta=19m25s806ms).
2026-03-16 19:01:51 [HikariPool-1 housekeeper] WARN  com.zaxxer.hikari.pool.HikariPool [traceId=, spanId=] - HikariPool-1 - Thread starvation or clock leap detected (housekeeper delta=56s596ms).
2026-03-16 19:02:46 [HikariPool-1 housekeeper] WARN  com.zaxxer.hikari.pool.HikariPool [traceId=, spanId=] - HikariPool-1 - Thread starvation or clock leap detected (housekeeper delta=54s902ms).
2026-03-16 19:19:52 [HikariPool-1 housekeeper] WARN  com.zaxxer.hikari.pool.HikariPool [traceId=, spanId=] - HikariPool-1 - Thread starvation or clock leap detected (housekeeper delta=16m36s534ms).
2026-03-16 20:29:26 [HikariPool-1 housekeeper] WARN  com.zaxxer.hikari.pool.HikariPool [traceId=, spanId=] - HikariPool-1 - Thread starvation or clock leap detected (housekeeper delta=1h9m34s117ms).
2026-03-16 20:45:03 [HikariPool-1 housekeeper] WARN  com.zaxxer.hikari.pool.HikariPool [traceId=, spanId=] - HikariPool-1 - Thread starvation or clock leap detected (housekeeper delta=15m36s663ms).
2026-03-16 21:13:40 [HikariPool-1 housekeeper] WARN  com.zaxxer.hikari.pool.HikariPool [traceId=, spanId=] - HikariPool-1 - Thread starvation or clock leap detected (housekeeper delta=28m36s578ms).
2026-03-16 21:30:04 [HikariPool-1 housekeeper] WARN  com.zaxxer.hikari.pool.HikariPool [traceId=, spanId=] - HikariPool-1 - Thread starvation or clock leap detected (housekeeper delta=16m24s363ms).
2026-03-16 22:48:33 [HikariPool-1 housekeeper] WARN  com.zaxxer.hikari.pool.HikariPool [traceId=, spanId=] - HikariPool-1 - Thread starvation or clock leap detected (housekeeper delta=1h18m29s221ms).
2026-03-16 23:57:19 [HikariPool-1 housekeeper] WARN  com.zaxxer.hikari.pool.HikariPool [traceId=, spanId=] - HikariPool-1 - Thread starvation or clock leap detected (housekeeper delta=1h8m46s58ms).
