2026-03-01 07:59:21 [SpringApplicationShutdownHook] INFO  org.springframework.boot.web.embedded.tomcat.GracefulShutdown [traceId=, spanId=] - Commencing graceful shutdown. Waiting for active requests to complete
2026-03-01 07:59:21 [tomcat-shutdown] INFO  org.springframework.boot.web.embedded.tomcat.GracefulShutdown [traceId=, spanId=] - Graceful shutdown complete
2026-03-01 07:59:23 [main] INFO  com.lbb.customer.CustomerApplication [traceId=, spanId=] - Starting CustomerApplication using Java 17.0.6 with PID 61609 (/Users/thavisoukkhounlasapiphak/Desktop/EXTERNAL_PROJECT/API_GATEWAY_LBB/source_code/backend/customer/target/classes started by thavisoukkhounlasapiphak in /Users/thavisoukkhounlasapiphak/Desktop/EXTERNAL_PROJECT/API_GATEWAY_LBB/source_code/backend/customer)
2026-03-01 07:59:23 [main] INFO  com.lbb.customer.CustomerApplication [traceId=, spanId=] - The following 1 profile is active: "uat"
2026-03-01 07:59:23 [main] INFO  org.springframework.boot.web.embedded.tomcat.TomcatWebServer [traceId=, spanId=] - Tomcat initialized with port 8081 (http)
2026-03-01 07:59:23 [main] INFO  org.apache.coyote.http11.Http11NioProtocol [traceId=, spanId=] - Initializing ProtocolHandler ["http-nio-8081"]
2026-03-01 07:59:23 [main] INFO  org.apache.catalina.core.StandardService [traceId=, spanId=] - Starting service [Tomcat]
2026-03-01 07:59:23 [main] INFO  org.apache.catalina.core.StandardEngine [traceId=, spanId=] - Starting Servlet engine: [Apache Tomcat/10.1.34]
2026-03-01 07:59:24 [main] INFO  org.apache.catalina.core.ContainerBase.[Tomcat].[localhost].[/] [traceId=, spanId=] - Initializing Spring embedded WebApplicationContext
2026-03-01 07:59:24 [main] INFO  org.springframework.boot.web.servlet.context.ServletWebServerApplicationContext [traceId=, spanId=] - Root WebApplicationContext: initialization completed in 454 ms
2026-03-01 07:59:24 [main] INFO  org.apache.coyote.http11.Http11NioProtocol [traceId=, spanId=] - Starting ProtocolHandler ["http-nio-8081"]
2026-03-01 07:59:24 [main] INFO  org.springframework.boot.web.embedded.tomcat.TomcatWebServer [traceId=, spanId=] - Tomcat started on port 8081 (http) with context path '/'
2026-03-01 07:59:24 [main] INFO  com.lbb.customer.CustomerApplication [traceId=, spanId=] - Started CustomerApplication in 0.838 seconds (process running for 1.168)
2026-03-01 08:00:02 [http-nio-8081-exec-1] INFO  org.apache.catalina.core.ContainerBase.[Tomcat].[localhost].[/] [traceId=, spanId=] - Initializing Spring DispatcherServlet 'dispatcherServlet'
2026-03-01 08:00:02 [http-nio-8081-exec-1] INFO  org.springframework.web.servlet.DispatcherServlet [traceId=, spanId=] - Initializing Servlet 'dispatcherServlet'
2026-03-01 08:00:02 [http-nio-8081-exec-1] INFO  org.springframework.web.servlet.DispatcherServlet [traceId=, spanId=] - Completed initialization in 1 ms
2026-03-01 08:00:47 [SpringApplicationShutdownHook] INFO  org.springframework.boot.web.embedded.tomcat.GracefulShutdown [traceId=, spanId=] - Commencing graceful shutdown. Waiting for active requests to complete
2026-03-01 08:00:47 [tomcat-shutdown] INFO  org.springframework.boot.web.embedded.tomcat.GracefulShutdown [traceId=, spanId=] - Graceful shutdown complete
2026-03-01 08:00:49 [main] INFO  com.lbb.customer.CustomerApplication [traceId=, spanId=] - Starting CustomerApplication using Java 17.0.6 with PID 61635 (/Users/thavisoukkhounlasapiphak/Desktop/EXTERNAL_PROJECT/API_GATEWAY_LBB/source_code/backend/customer/target/classes started by thavisoukkhounlasapiphak in /Users/thavisoukkhounlasapiphak/Desktop/EXTERNAL_PROJECT/API_GATEWAY_LBB/source_code/backend/customer)
2026-03-01 08:00:49 [main] INFO  com.lbb.customer.CustomerApplication [traceId=, spanId=] - The following 1 profile is active: "uat"
2026-03-01 08:00:49 [main] INFO  org.springframework.boot.web.embedded.tomcat.TomcatWebServer [traceId=, spanId=] - Tomcat initialized with port 8081 (http)
2026-03-01 08:00:49 [main] INFO  org.apache.coyote.http11.Http11NioProtocol [traceId=, spanId=] - Initializing ProtocolHandler ["http-nio-8081"]
2026-03-01 08:00:49 [main] INFO  org.apache.catalina.core.StandardService [traceId=, spanId=] - Starting service [Tomcat]
2026-03-01 08:00:49 [main] INFO  org.apache.catalina.core.StandardEngine [traceId=, spanId=] - Starting Servlet engine: [Apache Tomcat/10.1.34]
2026-03-01 08:00:49 [main] INFO  org.apache.catalina.core.ContainerBase.[Tomcat].[localhost].[/] [traceId=, spanId=] - Initializing Spring embedded WebApplicationContext
2026-03-01 08:00:49 [main] INFO  org.springframework.boot.web.servlet.context.ServletWebServerApplicationContext [traceId=, spanId=] - Root WebApplicationContext: initialization completed in 447 ms
2026-03-01 08:00:50 [main] INFO  org.apache.coyote.http11.Http11NioProtocol [traceId=, spanId=] - Starting ProtocolHandler ["http-nio-8081"]
2026-03-01 08:00:50 [main] INFO  org.springframework.boot.web.embedded.tomcat.TomcatWebServer [traceId=, spanId=] - Tomcat started on port 8081 (http) with context path '/'
2026-03-01 08:00:50 [main] INFO  com.lbb.customer.CustomerApplication [traceId=, spanId=] - Started CustomerApplication in 0.825 seconds (process running for 1.153)
2026-03-01 08:01:46 [http-nio-8081-exec-1] INFO  org.apache.catalina.core.ContainerBase.[Tomcat].[localhost].[/] [traceId=, spanId=] - Initializing Spring DispatcherServlet 'dispatcherServlet'
2026-03-01 08:01:46 [http-nio-8081-exec-1] INFO  org.springframework.web.servlet.DispatcherServlet [traceId=, spanId=] - Initializing Servlet 'dispatcherServlet'
2026-03-01 08:01:46 [http-nio-8081-exec-1] INFO  org.springframework.web.servlet.DispatcherServlet [traceId=, spanId=] - Completed initialization in 1 ms
