2026-03-04 20:10:19 [main] INFO  com.lbb.customer.CustomerApplication [traceId=, spanId=] - Starting CustomerApplication using Java 17.0.6 with PID 4714 (/Users/thavisoukkhounlasapiphak/Desktop/EXTERNAL_PROJECT/API_GATEWAY_LBB/source_code/backend/customer/target/classes started by thavisoukkhounlasapiphak in /Users/thavisoukkhounlasapiphak/Desktop/EXTERNAL_PROJECT/API_GATEWAY_LBB/source_code/backend/customer)
2026-03-04 20:10:19 [main] INFO  com.lbb.customer.CustomerApplication [traceId=, spanId=] - The following 1 profile is active: "uat"
2026-03-04 20:10:20 [main] INFO  org.springframework.boot.web.embedded.tomcat.TomcatWebServer [traceId=, spanId=] - Tomcat initialized with port 8081 (http)
2026-03-04 20:10:20 [main] INFO  org.apache.coyote.http11.Http11NioProtocol [traceId=, spanId=] - Initializing ProtocolHandler ["http-nio-8081"]
2026-03-04 20:10:20 [main] INFO  org.apache.catalina.core.StandardService [traceId=, spanId=] - Starting service [Tomcat]
2026-03-04 20:10:20 [main] INFO  org.apache.catalina.core.StandardEngine [traceId=, spanId=] - Starting Servlet engine: [Apache Tomcat/10.1.34]
2026-03-04 20:10:20 [main] INFO  org.apache.catalina.core.ContainerBase.[Tomcat].[localhost].[/] [traceId=, spanId=] - Initializing Spring embedded WebApplicationContext
2026-03-04 20:10:20 [main] INFO  org.springframework.boot.web.servlet.context.ServletWebServerApplicationContext [traceId=, spanId=] - Root WebApplicationContext: initialization completed in 480 ms
2026-03-04 20:10:20 [main] WARN  org.springframework.boot.autoconfigure.security.servlet.UserDetailsServiceAutoConfiguration [traceId=, spanId=] - 

Using generated security password: 15e3463d-72c7-486a-bd18-8eb03e8030d6

This generated password is for development use only. Your security configuration must be updated before running your application in production.

2026-03-04 20:10:20 [main] INFO  org.springframework.security.config.annotation.authentication.configuration.InitializeUserDetailsBeanManagerConfigurer$InitializeUserDetailsManagerConfigurer [traceId=, spanId=] - Global AuthenticationManager configured with UserDetailsService bean with name inMemoryUserDetailsManager
2026-03-04 20:10:20 [main] INFO  org.apache.coyote.http11.Http11NioProtocol [traceId=, spanId=] - Starting ProtocolHandler ["http-nio-8081"]
2026-03-04 20:10:20 [main] INFO  org.springframework.boot.web.embedded.tomcat.TomcatWebServer [traceId=, spanId=] - Tomcat started on port 8081 (http) with context path '/'
2026-03-04 20:10:20 [main] INFO  com.lbb.customer.CustomerApplication [traceId=, spanId=] - Started CustomerApplication in 0.938 seconds (process running for 1.296)
2026-03-04 20:23:04 [SpringApplicationShutdownHook] INFO  org.springframework.boot.web.embedded.tomcat.GracefulShutdown [traceId=, spanId=] - Commencing graceful shutdown. Waiting for active requests to complete
2026-03-04 20:23:04 [tomcat-shutdown] INFO  org.springframework.boot.web.embedded.tomcat.GracefulShutdown [traceId=, spanId=] - Graceful shutdown complete
2026-03-04 20:23:07 [main] INFO  com.lbb.customer.CustomerApplication [traceId=, spanId=] - Starting CustomerApplication using Java 17.0.6 with PID 4824 (/Users/thavisoukkhounlasapiphak/Desktop/EXTERNAL_PROJECT/API_GATEWAY_LBB/source_code/backend/customer/target/classes started by thavisoukkhounlasapiphak in /Users/thavisoukkhounlasapiphak/Desktop/EXTERNAL_PROJECT/API_GATEWAY_LBB/source_code/backend/customer)
2026-03-04 20:23:07 [main] INFO  com.lbb.customer.CustomerApplication [traceId=, spanId=] - The following 1 profile is active: "uat"
2026-03-04 20:23:07 [main] INFO  org.springframework.boot.web.embedded.tomcat.TomcatWebServer [traceId=, spanId=] - Tomcat initialized with port 8081 (http)
2026-03-04 20:23:07 [main] INFO  org.apache.coyote.http11.Http11NioProtocol [traceId=, spanId=] - Initializing ProtocolHandler ["http-nio-8081"]
2026-03-04 20:23:07 [main] INFO  org.apache.catalina.core.StandardService [traceId=, spanId=] - Starting service [Tomcat]
2026-03-04 20:23:07 [main] INFO  org.apache.catalina.core.StandardEngine [traceId=, spanId=] - Starting Servlet engine: [Apache Tomcat/10.1.34]
2026-03-04 20:23:07 [main] INFO  org.apache.catalina.core.ContainerBase.[Tomcat].[localhost].[/] [traceId=, spanId=] - Initializing Spring embedded WebApplicationContext
2026-03-04 20:23:07 [main] INFO  org.springframework.boot.web.servlet.context.ServletWebServerApplicationContext [traceId=, spanId=] - Root WebApplicationContext: initialization completed in 480 ms
2026-03-04 20:23:07 [main] WARN  org.springframework.boot.autoconfigure.security.servlet.UserDetailsServiceAutoConfiguration [traceId=, spanId=] - 

Using generated security password: 8482dcc9-80bc-4771-9537-76b3efc27e06

This generated password is for development use only. Your security configuration must be updated before running your application in production.

2026-03-04 20:23:07 [main] INFO  org.springframework.security.config.annotation.authentication.configuration.InitializeUserDetailsBeanManagerConfigurer$InitializeUserDetailsManagerConfigurer [traceId=, spanId=] - Global AuthenticationManager configured with UserDetailsService bean with name inMemoryUserDetailsManager
2026-03-04 20:23:08 [main] INFO  org.apache.coyote.http11.Http11NioProtocol [traceId=, spanId=] - Starting ProtocolHandler ["http-nio-8081"]
2026-03-04 20:23:08 [main] INFO  org.springframework.boot.web.embedded.tomcat.TomcatWebServer [traceId=, spanId=] - Tomcat started on port 8081 (http) with context path '/'
2026-03-04 20:23:08 [main] INFO  com.lbb.customer.CustomerApplication [traceId=, spanId=] - Started CustomerApplication in 0.975 seconds (process running for 1.314)
2026-03-04 20:26:46 [http-nio-8081-exec-1] INFO  org.apache.catalina.core.ContainerBase.[Tomcat].[localhost].[/] [traceId=, spanId=] - Initializing Spring DispatcherServlet 'dispatcherServlet'
2026-03-04 20:26:46 [http-nio-8081-exec-1] INFO  org.springframework.web.servlet.DispatcherServlet [traceId=, spanId=] - Initializing Servlet 'dispatcherServlet'
2026-03-04 20:26:46 [http-nio-8081-exec-1] INFO  org.springframework.web.servlet.DispatcherServlet [traceId=, spanId=] - Completed initialization in 1 ms
